
Cadence Innovus(TM) Implementation System.
Copyright 2018 Cadence Design Systems, Inc. All rights reserved worldwide.

Version:	v18.10-p002_1, built Tue May 29 19:19:55 PDT 2018
Options:	
Date:		Thu Oct  2 15:35:02 2025
Host:		ee-mill1 (x86_64 w/Linux 3.10.0-1160.81.1.0.1.el7.x86_64) (12cores*48cpus*Intel(R) Xeon(R) CPU E5-2680 v3 @ 2.50GHz 30720KB)
OS:		Red Hat Enterprise Linux Server release 7.9 (Maipo)

License:
		invs	Innovus Implementation System	18.1	checkout succeeded
		8 CPU jobs allowed with the current license(s). Use setMultiCpuUsage to set your required CPU count.
**WARN: (IMPSYT-1507):	The display is invalid and will start in no window mode
Change the soft stacksize limit to 0.2%RAM (773 mbytes). Set global soft_stack_size_limit to change the value.

**INFO:  MMMC transition support version v31-84 

<CMD> set_global _enable_mmmc_by_default_flow      $CTE::mmmc_default
<CMD> suppressMessage ENCEXT-2799
<CMD> set init_verilog OUTPUTS/lfsr4_synth.v
<CMD> set init_top_cell lfsr4
<CMD> set init_lef_file {  /usr/local/cadence/kits/tsmc/beLibs/65nm/TSMCHOME/digital/Back_End/lef/tcbn65lpbwp7t_141a/lef/tcbn65lpbwp7t_9lmT2.lef  /usr/local/cadence/kits/tsmc/beLibs/65nm/TSMCHOME/digital/Back_End/lef/tphn65lpnv2od3_sl_200b/mt_2/9lm/lef/tphn65lpnv2od3_sl_9lm.lef  /usr/local/cadence/kits/tsmc/beLibs/65nm/TSMCHOME/digital/Back_End/lef/tpbn65v_200b/wb/9m/9M_6X2Z/lef/tpbn65v_9lm.lef  }
<CMD> set init_mmmc_file ./mmmc_timing.tcl
<CMD> set init_gnd_net VSS
<CMD> set init_pwr_net VDD
<CMD> setDesignMode -process 65
Applying the recommended capacitance filtering threshold values for 65nm process node: total_c_th=0, relative_c_th=1 and coupling_c_th=0.1.
	These values will be used by all post-route extraction engines, including TQuantus, IQuantus and Quantus QRC extraction.
	Capacitance filtering mode(-capFilterMode option of the setExtractRCMode) is 'relAndCoup' for all engines.
	The accuracy mode for postRoute effortLevel low extraction will be set to 'high'.
	Default value for EffortLevel(-effortLevel option of the setExtractRCMode) in postRoute extraction mode will be 'medium' if Quantus QRC technology file is specified else 'low'.
Updating process node dependent CCOpt properties for the 65nm process node.
<CMD> init_design
**ERROR: (IMPSYT-6284):	Failed to open file ./mmmc_timing.tcl for read.
*** Loading design ... ***

Loading LEF file /usr/local/cadence/kits/tsmc/beLibs/65nm/TSMCHOME/digital/Back_End/lef/tcbn65lpbwp7t_141a/lef/tcbn65lpbwp7t_9lmT2.lef ...
Set DBUPerIGU to M2 pitch 400.

Loading LEF file /usr/local/cadence/kits/tsmc/beLibs/65nm/TSMCHOME/digital/Back_End/lef/tphn65lpnv2od3_sl_200b/mt_2/9lm/lef/tphn65lpnv2od3_sl_9lm.lef ...
WARNING (LEFPARS-2001): No VERSION statement found, using the default value 5.8. See file /usr/local/cadence/kits/tsmc/beLibs/65nm/TSMCHOME/digital/Back_End/lef/tphn65lpnv2od3_sl_200b/mt_2/9lm/lef/tphn65lpnv2od3_sl_9lm.lef at line 20669.

Loading LEF file /usr/local/cadence/kits/tsmc/beLibs/65nm/TSMCHOME/digital/Back_End/lef/tpbn65v_200b/wb/9m/9M_6X2Z/lef/tpbn65v_9lm.lef ...
WARNING (LEFPARS-2001): No VERSION statement found, using the default value 5.8. See file /usr/local/cadence/kits/tsmc/beLibs/65nm/TSMCHOME/digital/Back_End/lef/tpbn65v_200b/wb/9m/9M_6X2Z/lef/tpbn65v_9lm.lef at line 575.
**WARN: (IMPLF-200):	Pin 'AVSS' in macro 'PVSS3AC' has no ANTENNAGATEAREA value defined. The library data is incomplete and some process antenna rules will not be checked correctly.
Type 'man IMPLF-200' for more detail.
**WARN: (IMPLF-200):	Pin 'AVSS' in macro 'PVSS3A' has no ANTENNAGATEAREA value defined. The library data is incomplete and some process antenna rules will not be checked correctly.
Type 'man IMPLF-200' for more detail.
**WARN: (IMPLF-200):	Pin 'VSSPST' in macro 'PVSS2CDG' has no ANTENNAGATEAREA value defined. The library data is incomplete and some process antenna rules will not be checked correctly.
Type 'man IMPLF-200' for more detail.
**WARN: (IMPLF-200):	Pin 'AVSS' in macro 'PVSS2ANA' has no ANTENNAGATEAREA value defined. The library data is incomplete and some process antenna rules will not be checked correctly.
Type 'man IMPLF-200' for more detail.
**WARN: (IMPLF-201):	Pin 'VSS' in macro 'PVSS2AC' has no ANTENNADIFFAREA value defined. The library data is incomplete and some process antenna rules will not be checked correctly.
Type 'man IMPLF-201' for more detail.
**WARN: (IMPLF-200):	Pin 'VSS' in macro 'PVSS2AC' has no ANTENNAGATEAREA value defined. The library data is incomplete and some process antenna rules will not be checked correctly.
Type 'man IMPLF-200' for more detail.
**WARN: (IMPLF-201):	Pin 'VSS' in macro 'PVSS2A' has no ANTENNADIFFAREA value defined. The library data is incomplete and some process antenna rules will not be checked correctly.
Type 'man IMPLF-201' for more detail.
**WARN: (IMPLF-200):	Pin 'VSS' in macro 'PVSS2A' has no ANTENNAGATEAREA value defined. The library data is incomplete and some process antenna rules will not be checked correctly.
Type 'man IMPLF-200' for more detail.
**WARN: (IMPLF-200):	Pin 'AVSS' in macro 'PVSS1ANA' has no ANTENNAGATEAREA value defined. The library data is incomplete and some process antenna rules will not be checked correctly.
Type 'man IMPLF-200' for more detail.
**WARN: (IMPLF-200):	Pin 'AVDD' in macro 'PVDD2ANA' has no ANTENNAGATEAREA value defined. The library data is incomplete and some process antenna rules will not be checked correctly.
Type 'man IMPLF-200' for more detail.
**WARN: (IMPLF-200):	Pin 'AIO' in macro 'PDB3AC' has no ANTENNAGATEAREA value defined. The library data is incomplete and some process antenna rules will not be checked correctly.
Type 'man IMPLF-200' for more detail.
**WARN: (IMPLF-200):	Pin 'AIO' in macro 'PDB3A' has no ANTENNAGATEAREA value defined. The library data is incomplete and some process antenna rules will not be checked correctly.
Type 'man IMPLF-200' for more detail.
**WARN: (IMPLF-200):	Pin 'VSSESD' in macro 'PCLAMPAC' has no ANTENNAGATEAREA value defined. The library data is incomplete and some process antenna rules will not be checked correctly.
Type 'man IMPLF-200' for more detail.
**WARN: (IMPLF-200):	Pin 'VSSESD' in macro 'PCLAMPA' has no ANTENNAGATEAREA value defined. The library data is incomplete and some process antenna rules will not be checked correctly.
Type 'man IMPLF-200' for more detail.
**WARN: (IMPLF-200):	Pin 'VSSESD' in macro 'PCLAMP2ANA' has no ANTENNAGATEAREA value defined. The library data is incomplete and some process antenna rules will not be checked correctly.
Type 'man IMPLF-200' for more detail.
**WARN: (IMPLF-200):	Pin 'VSSESD' in macro 'PCLAMP1ANA' has no ANTENNAGATEAREA value defined. The library data is incomplete and some process antenna rules will not be checked correctly.
Type 'man IMPLF-200' for more detail.
**WARN: (IMPLF-200):	Pin 'I' in macro 'ANTENNABWP7T' has no ANTENNAGATEAREA value defined. The library data is incomplete and some process antenna rules will not be checked correctly.
Type 'man IMPLF-200' for more detail.

viaInitial starts at Thu Oct  2 15:37:17 2025
viaInitial ends at Thu Oct  2 15:37:17 2025
Loading view definition file from ./mmmc_timing.tcl
*** End library_loading (cpu=0.00min, real=0.00min, mem=0.0M, fe_cpu=0.22min, fe_real=2.25min, fe_mem=519.1M) ***
#% Begin Load netlist data ... (date=10/02 15:37:17, mem=392.5M)
*** Begin netlist parsing (mem=519.1M) ***
Created 0 new cells from 0 timing libraries.
Reading netlist ...
Backslashed names will retain backslash and a trailing blank character.
Reading verilog netlist 'OUTPUTS/lfsr4_synth.v'

*** Memory Usage v#1 (Current mem = 522.105M, initial mem = 251.484M) ***
*** End netlist parsing (cpu=0:00:00.0, real=0:00:00.0, mem=522.1M) ***
#% End Load netlist data ... (date=10/02 15:37:17, total cpu=0:00:00.0, real=0:00:00.0, peak res=395.9M, current mem=395.9M)
Set top cell to lfsr4.
Hooked 0 DB cells to tlib cells.
Starting recursive module instantiation check.
No recursion found.
Building hierarchical netlist for Cell lfsr4 ...
*** Netlist is unique.
** info: there are 681 modules.
** info: there are 6 stdCell insts.

*** Memory Usage v#1 (Current mem = 563.535M, initial mem = 251.484M) ***
**WARN: (IMPFP-3961):	The techSite 'corner' has no related standard cells in LEF/OA library. Cannot make calculations for this site type unless standard cell models of this type exist in the LEF/OA library. If the SITE is not used by the library you can ignore this warning or remove the SITE definition from the LEF/OA to avoid this message.
Type 'man IMPFP-3961' for more detail.
**WARN: (IMPFP-3961):	The techSite 'pad' has no related standard cells in LEF/OA library. Cannot make calculations for this site type unless standard cell models of this type exist in the LEF/OA library. If the SITE is not used by the library you can ignore this warning or remove the SITE definition from the LEF/OA to avoid this message.
Type 'man IMPFP-3961' for more detail.
**WARN: (IMPFP-3961):	The techSite 'dcore7T' has no related standard cells in LEF/OA library. Cannot make calculations for this site type unless standard cell models of this type exist in the LEF/OA library. If the SITE is not used by the library you can ignore this warning or remove the SITE definition from the LEF/OA to avoid this message.
Type 'man IMPFP-3961' for more detail.
**WARN: (IMPFP-3961):	The techSite 'ccore7T' has no related standard cells in LEF/OA library. Cannot make calculations for this site type unless standard cell models of this type exist in the LEF/OA library. If the SITE is not used by the library you can ignore this warning or remove the SITE definition from the LEF/OA to avoid this message.
Type 'man IMPFP-3961' for more detail.
**WARN: (IMPFP-3961):	The techSite 'bcoreExt7T' has no related standard cells in LEF/OA library. Cannot make calculations for this site type unless standard cell models of this type exist in the LEF/OA library. If the SITE is not used by the library you can ignore this warning or remove the SITE definition from the LEF/OA to avoid this message.
Type 'man IMPFP-3961' for more detail.
Set Default Net Delay as 1000 ps.
Set Default Net Load as 0.5 pF. 
Set Default Input Pin Transition as 0.1 ps.
**WARN: (IMPSYC-2):	Timing information is not defined for cell INVD0BWP7T; Check the timing library (.lib) file and make sure the timing information exists for the cell and you can run the checkTimingLibrary command to verify if the timing library has complete information after the design is loaded.
Type 'man IMPSYC-2' for more detail.
**WARN: (IMPSYC-2):	Timing information is not defined for cell DFSNQD1BWP7T; Check the timing library (.lib) file and make sure the timing information exists for the cell and you can run the checkTimingLibrary command to verify if the timing library has complete information after the design is loaded.
Type 'man IMPSYC-2' for more detail.
**WARN: (IMPSYC-2):	Timing information is not defined for cell DFCNQD1BWP7T; Check the timing library (.lib) file and make sure the timing information exists for the cell and you can run the checkTimingLibrary command to verify if the timing library has complete information after the design is loaded.
Type 'man IMPSYC-2' for more detail.
**WARN: (IMPSYC-2):	Timing information is not defined for cell CKXOR2D0BWP7T; Check the timing library (.lib) file and make sure the timing information exists for the cell and you can run the checkTimingLibrary command to verify if the timing library has complete information after the design is loaded.
Type 'man IMPSYC-2' for more detail.
**ERROR: (IMPSYT-7327):	Active setup and hold analysis views were not provided in either file ./mmmc_timing.tcl or by the -setup and -hold arguments to initDesign. The system requires at least one active setup and hold analysis view to be declared before the design can be initialized. You must add a set_analysis_view command to your script, or add the -setup and -hold options to your init_design invocation. You can use the all_analysis_view command to identify the currently available views. If you are using CPF in a physical-only flow, please use 'read_power_intent -cpf' and 'commit_power_intent' after init_design. Do not specify the CPF with the init_cpf_file variable in a physical-only flow.

**INFO (INTERRUPT): One more Ctrl-C to exit Innovus ...
<CMD> create_library_set -name libs_typ -timing { \
        "/usr/local/cadence/kits/tsmc/beLibs/65nm/TSMCHOME/digital/Front_End/timing_power_noise/NLDM/tcbn65lpbwp7t_220a/tcbn65lpbwp7twc.lib" \
        "/usr/local/cadence/kits/tsmc/beLibs/65nm/TSMCHOME/digital/Front_End/timing_power_noise/NLDM/tphn65lpnv2od3_sl_200b/tphn65lpnv2od3_sltc.lib" \
        "/usr/local/cadence/kits/tsmc/beLibs/65nm/TSMCHOME/digital/Front_End/timing_power_noise/NLDM/tphn65lpnv2od3_sl_200b/tphn65lpnv2od3_sltc1.lib"\
        "/usr/local/cadence/kits/tsmc/beLibs/65nm/TSMCHOME/digital/Front_End/timing_power_noise/NLDM/tphn65lpnv2od3_sl_200b/tphn65lpnv2od3_sltc2.lib"\
        "/usr/local/cadence/kits/tsmc/beLibs/65nm/TSMCHOME/digital/Front_End/timing_power_noise/NLDM/tphn65lpnv2od3_sl_200b/tphn65lpnv2od3_sltc3.lib"\
        "/usr/local/cadence/kits/tsmc/beLibs/65nm/TSMCHOME/digital/Front_End/timing_power_noise/NLDM/tphn65lpnv2od3_sl_200b/tphn65lpnv2od3_sltc4.lib"\
    }
Reading libs_typ timing library '/usr/local/cadence/kits/tsmc/beLibs/65nm/TSMCHOME/digital/Front_End/timing_power_noise/NLDM/tcbn65lpbwp7t_220a/tcbn65lpbwp7twc.lib' ...
**WARN: (TECHLIB-436):	Attribute 'max_fanout' on 'output/inout' pin 'Z' of cell 'AN2D0BWP7T' is not defined in the library. (File /usr/local/cadence/kits/tsmc/beLibs/65nm/TSMCHOME/digital/Front_End/timing_power_noise/NLDM/tcbn65lpbwp7t_220a/tcbn65lpbwp7twc.lib)
**WARN: (TECHLIB-436):	Attribute 'max_fanout' on 'output/inout' pin 'Z' of cell 'AN2D1BWP7T' is not defined in the library. (File /usr/local/cadence/kits/tsmc/beLibs/65nm/TSMCHOME/digital/Front_End/timing_power_noise/NLDM/tcbn65lpbwp7t_220a/tcbn65lpbwp7twc.lib)
**WARN: (TECHLIB-436):	Attribute 'max_fanout' on 'output/inout' pin 'Z' of cell 'AN2D2BWP7T' is not defined in the library. (File /usr/local/cadence/kits/tsmc/beLibs/65nm/TSMCHOME/digital/Front_End/timing_power_noise/NLDM/tcbn65lpbwp7t_220a/tcbn65lpbwp7twc.lib)
**WARN: (TECHLIB-436):	Attribute 'max_fanout' on 'output/inout' pin 'Z' of cell 'AN2D4BWP7T' is not defined in the library. (File /usr/local/cadence/kits/tsmc/beLibs/65nm/TSMCHOME/digital/Front_End/timing_power_noise/NLDM/tcbn65lpbwp7t_220a/tcbn65lpbwp7twc.lib)
**WARN: (TECHLIB-436):	Attribute 'max_fanout' on 'output/inout' pin 'Z' of cell 'AN2XD1BWP7T' is not defined in the library. (File /usr/local/cadence/kits/tsmc/beLibs/65nm/TSMCHOME/digital/Front_End/timing_power_noise/NLDM/tcbn65lpbwp7t_220a/tcbn65lpbwp7twc.lib)
**WARN: (TECHLIB-436):	Attribute 'max_fanout' on 'output/inout' pin 'Z' of cell 'AN3D0BWP7T' is not defined in the library. (File /usr/local/cadence/kits/tsmc/beLibs/65nm/TSMCHOME/digital/Front_End/timing_power_noise/NLDM/tcbn65lpbwp7t_220a/tcbn65lpbwp7twc.lib)
**WARN: (TECHLIB-436):	Attribute 'max_fanout' on 'output/inout' pin 'Z' of cell 'AN3D1BWP7T' is not defined in the library. (File /usr/local/cadence/kits/tsmc/beLibs/65nm/TSMCHOME/digital/Front_End/timing_power_noise/NLDM/tcbn65lpbwp7t_220a/tcbn65lpbwp7twc.lib)
**WARN: (TECHLIB-436):	Attribute 'max_fanout' on 'output/inout' pin 'Z' of cell 'AN3D2BWP7T' is not defined in the library. (File /usr/local/cadence/kits/tsmc/beLibs/65nm/TSMCHOME/digital/Front_End/timing_power_noise/NLDM/tcbn65lpbwp7t_220a/tcbn65lpbwp7twc.lib)
**WARN: (TECHLIB-436):	Attribute 'max_fanout' on 'output/inout' pin 'Z' of cell 'AN3D4BWP7T' is not defined in the library. (File /usr/local/cadence/kits/tsmc/beLibs/65nm/TSMCHOME/digital/Front_End/timing_power_noise/NLDM/tcbn65lpbwp7t_220a/tcbn65lpbwp7twc.lib)
**WARN: (TECHLIB-436):	Attribute 'max_fanout' on 'output/inout' pin 'Z' of cell 'AN3XD1BWP7T' is not defined in the library. (File /usr/local/cadence/kits/tsmc/beLibs/65nm/TSMCHOME/digital/Front_End/timing_power_noise/NLDM/tcbn65lpbwp7t_220a/tcbn65lpbwp7twc.lib)
**WARN: (TECHLIB-436):	Attribute 'max_fanout' on 'output/inout' pin 'Z' of cell 'AN4D0BWP7T' is not defined in the library. (File /usr/local/cadence/kits/tsmc/beLibs/65nm/TSMCHOME/digital/Front_End/timing_power_noise/NLDM/tcbn65lpbwp7t_220a/tcbn65lpbwp7twc.lib)
**WARN: (TECHLIB-436):	Attribute 'max_fanout' on 'output/inout' pin 'Z' of cell 'AN4D1BWP7T' is not defined in the library. (File /usr/local/cadence/kits/tsmc/beLibs/65nm/TSMCHOME/digital/Front_End/timing_power_noise/NLDM/tcbn65lpbwp7t_220a/tcbn65lpbwp7twc.lib)
**WARN: (TECHLIB-436):	Attribute 'max_fanout' on 'output/inout' pin 'Z' of cell 'AN4D2BWP7T' is not defined in the library. (File /usr/local/cadence/kits/tsmc/beLibs/65nm/TSMCHOME/digital/Front_End/timing_power_noise/NLDM/tcbn65lpbwp7t_220a/tcbn65lpbwp7twc.lib)
**WARN: (TECHLIB-436):	Attribute 'max_fanout' on 'output/inout' pin 'Z' of cell 'AN4D4BWP7T' is not defined in the library. (File /usr/local/cadence/kits/tsmc/beLibs/65nm/TSMCHOME/digital/Front_End/timing_power_noise/NLDM/tcbn65lpbwp7t_220a/tcbn65lpbwp7twc.lib)
**WARN: (TECHLIB-436):	Attribute 'max_fanout' on 'output/inout' pin 'Z' of cell 'AN4XD1BWP7T' is not defined in the library. (File /usr/local/cadence/kits/tsmc/beLibs/65nm/TSMCHOME/digital/Front_End/timing_power_noise/NLDM/tcbn65lpbwp7t_220a/tcbn65lpbwp7twc.lib)
**WARN: (TECHLIB-436):	Attribute 'max_fanout' on 'output/inout' pin 'Z' of cell 'AO211D0BWP7T' is not defined in the library. (File /usr/local/cadence/kits/tsmc/beLibs/65nm/TSMCHOME/digital/Front_End/timing_power_noise/NLDM/tcbn65lpbwp7t_220a/tcbn65lpbwp7twc.lib)
**WARN: (TECHLIB-436):	Attribute 'max_fanout' on 'output/inout' pin 'Z' of cell 'AO211D1BWP7T' is not defined in the library. (File /usr/local/cadence/kits/tsmc/beLibs/65nm/TSMCHOME/digital/Front_End/timing_power_noise/NLDM/tcbn65lpbwp7t_220a/tcbn65lpbwp7twc.lib)
**WARN: (TECHLIB-436):	Attribute 'max_fanout' on 'output/inout' pin 'Z' of cell 'AO211D2BWP7T' is not defined in the library. (File /usr/local/cadence/kits/tsmc/beLibs/65nm/TSMCHOME/digital/Front_End/timing_power_noise/NLDM/tcbn65lpbwp7t_220a/tcbn65lpbwp7twc.lib)
**WARN: (TECHLIB-436):	Attribute 'max_fanout' on 'output/inout' pin 'Z' of cell 'AO21D0BWP7T' is not defined in the library. (File /usr/local/cadence/kits/tsmc/beLibs/65nm/TSMCHOME/digital/Front_End/timing_power_noise/NLDM/tcbn65lpbwp7t_220a/tcbn65lpbwp7twc.lib)
**WARN: (TECHLIB-436):	Attribute 'max_fanout' on 'output/inout' pin 'Z' of cell 'AO21D1BWP7T' is not defined in the library. (File /usr/local/cadence/kits/tsmc/beLibs/65nm/TSMCHOME/digital/Front_End/timing_power_noise/NLDM/tcbn65lpbwp7t_220a/tcbn65lpbwp7twc.lib)
Message <TECHLIB-436> has exceeded the message display limit of '20'. Use 'set_message -no_limit -id list_of_msgIDs' to reset the message limit.
**WARN: (TECHLIB-302):	No function defined for cell 'DCAPBWP7T'. The cell will only be used for analysis. (File /usr/local/cadence/kits/tsmc/beLibs/65nm/TSMCHOME/digital/Front_End/timing_power_noise/NLDM/tcbn65lpbwp7t_220a/tcbn65lpbwp7twc.lib)
**WARN: (TECHLIB-302):	No function defined for cell 'DCAP8BWP7T'. The cell will only be used for analysis. (File /usr/local/cadence/kits/tsmc/beLibs/65nm/TSMCHOME/digital/Front_End/timing_power_noise/NLDM/tcbn65lpbwp7t_220a/tcbn65lpbwp7twc.lib)
**WARN: (TECHLIB-302):	No function defined for cell 'DCAP64BWP7T'. The cell will only be used for analysis. (File /usr/local/cadence/kits/tsmc/beLibs/65nm/TSMCHOME/digital/Front_End/timing_power_noise/NLDM/tcbn65lpbwp7t_220a/tcbn65lpbwp7twc.lib)
**WARN: (TECHLIB-302):	No function defined for cell 'DCAP4BWP7T'. The cell will only be used for analysis. (File /usr/local/cadence/kits/tsmc/beLibs/65nm/TSMCHOME/digital/Front_End/timing_power_noise/NLDM/tcbn65lpbwp7t_220a/tcbn65lpbwp7twc.lib)
**WARN: (TECHLIB-302):	No function defined for cell 'DCAP32BWP7T'. The cell will only be used for analysis. (File /usr/local/cadence/kits/tsmc/beLibs/65nm/TSMCHOME/digital/Front_End/timing_power_noise/NLDM/tcbn65lpbwp7t_220a/tcbn65lpbwp7twc.lib)
**WARN: (TECHLIB-302):	No function defined for cell 'DCAP16BWP7T'. The cell will only be used for analysis. (File /usr/local/cadence/kits/tsmc/beLibs/65nm/TSMCHOME/digital/Front_End/timing_power_noise/NLDM/tcbn65lpbwp7t_220a/tcbn65lpbwp7twc.lib)
**WARN: (TECHLIB-302):	No function defined for cell 'ANTENNABWP7T'. The cell will only be used for analysis. (File /usr/local/cadence/kits/tsmc/beLibs/65nm/TSMCHOME/digital/Front_End/timing_power_noise/NLDM/tcbn65lpbwp7t_220a/tcbn65lpbwp7twc.lib)
Read 565 cells in library 'tcbn65lpbwp7twc' 
Reading libs_typ timing library '/usr/local/cadence/kits/tsmc/beLibs/65nm/TSMCHOME/digital/Front_End/timing_power_noise/NLDM/tphn65lpnv2od3_sl_200b/tphn65lpnv2od3_sltc.lib' ...
**WARN: (TECHLIB-302):	No function defined for cell 'PVSS3CDG'. The cell will only be used for analysis. (File /usr/local/cadence/kits/tsmc/beLibs/65nm/TSMCHOME/digital/Front_End/timing_power_noise/NLDM/tphn65lpnv2od3_sl_200b/tphn65lpnv2od3_sltc.lib)
**WARN: (TECHLIB-302):	No function defined for cell 'PVSS3AC'. The cell will only be used for analysis. (File /usr/local/cadence/kits/tsmc/beLibs/65nm/TSMCHOME/digital/Front_End/timing_power_noise/NLDM/tphn65lpnv2od3_sl_200b/tphn65lpnv2od3_sltc.lib)
**WARN: (TECHLIB-302):	No function defined for cell 'PVSS3A'. The cell will only be used for analysis. (File /usr/local/cadence/kits/tsmc/beLibs/65nm/TSMCHOME/digital/Front_End/timing_power_noise/NLDM/tphn65lpnv2od3_sl_200b/tphn65lpnv2od3_sltc.lib)
**WARN: (TECHLIB-302):	No function defined for cell 'PVSS2CDG'. The cell will only be used for analysis. (File /usr/local/cadence/kits/tsmc/beLibs/65nm/TSMCHOME/digital/Front_End/timing_power_noise/NLDM/tphn65lpnv2od3_sl_200b/tphn65lpnv2od3_sltc.lib)
**WARN: (TECHLIB-302):	No function defined for cell 'PVSS2ANA'. The cell will only be used for analysis. (File /usr/local/cadence/kits/tsmc/beLibs/65nm/TSMCHOME/digital/Front_End/timing_power_noise/NLDM/tphn65lpnv2od3_sl_200b/tphn65lpnv2od3_sltc.lib)
**WARN: (TECHLIB-302):	No function defined for cell 'PVSS2AC'. The cell will only be used for analysis. (File /usr/local/cadence/kits/tsmc/beLibs/65nm/TSMCHOME/digital/Front_End/timing_power_noise/NLDM/tphn65lpnv2od3_sl_200b/tphn65lpnv2od3_sltc.lib)
**WARN: (TECHLIB-302):	No function defined for cell 'PVSS2A'. The cell will only be used for analysis. (File /usr/local/cadence/kits/tsmc/beLibs/65nm/TSMCHOME/digital/Front_End/timing_power_noise/NLDM/tphn65lpnv2od3_sl_200b/tphn65lpnv2od3_sltc.lib)
**WARN: (TECHLIB-302):	No function defined for cell 'PVSS1CDG'. The cell will only be used for analysis. (File /usr/local/cadence/kits/tsmc/beLibs/65nm/TSMCHOME/digital/Front_End/timing_power_noise/NLDM/tphn65lpnv2od3_sl_200b/tphn65lpnv2od3_sltc.lib)
**WARN: (TECHLIB-302):	No function defined for cell 'PVSS1ANA'. The cell will only be used for analysis. (File /usr/local/cadence/kits/tsmc/beLibs/65nm/TSMCHOME/digital/Front_End/timing_power_noise/NLDM/tphn65lpnv2od3_sl_200b/tphn65lpnv2od3_sltc.lib)
**WARN: (TECHLIB-302):	No function defined for cell 'PVDD3AC'. The cell will only be used for analysis. (File /usr/local/cadence/kits/tsmc/beLibs/65nm/TSMCHOME/digital/Front_End/timing_power_noise/NLDM/tphn65lpnv2od3_sl_200b/tphn65lpnv2od3_sltc.lib)
**WARN: (TECHLIB-302):	No function defined for cell 'PVDD3A'. The cell will only be used for analysis. (File /usr/local/cadence/kits/tsmc/beLibs/65nm/TSMCHOME/digital/Front_End/timing_power_noise/NLDM/tphn65lpnv2od3_sl_200b/tphn65lpnv2od3_sltc.lib)
**WARN: (TECHLIB-302):	No function defined for cell 'PVDD2POC'. The cell will only be used for analysis. (File /usr/local/cadence/kits/tsmc/beLibs/65nm/TSMCHOME/digital/Front_End/timing_power_noise/NLDM/tphn65lpnv2od3_sl_200b/tphn65lpnv2od3_sltc.lib)
**WARN: (TECHLIB-302):	No function defined for cell 'PVDD2CDG'. The cell will only be used for analysis. (File /usr/local/cadence/kits/tsmc/beLibs/65nm/TSMCHOME/digital/Front_End/timing_power_noise/NLDM/tphn65lpnv2od3_sl_200b/tphn65lpnv2od3_sltc.lib)
Message <TECHLIB-302> has exceeded the message display limit of '20'. Use 'set_message -no_limit -id list_of_msgIDs' to reset the message limit.
**WARN: (IMPTS-282):	Cell 'PCLAMPAC' is not a level shifter cell but has 'input_signal_level' and 'output_signal_level' specified on pins, or it has different related_power_pin specified on input and output pins. To mark this cell as level shifter, use 'is_level_shifter' attribute.
Type 'man IMPTS-282' for more detail.
**WARN: (IMPTS-282):	Cell 'PCLAMP1ANA' is not a level shifter cell but has 'input_signal_level' and 'output_signal_level' specified on pins, or it has different related_power_pin specified on input and output pins. To mark this cell as level shifter, use 'is_level_shifter' attribute.
Type 'man IMPTS-282' for more detail.
Read 60 cells in library 'tphn65lpnv2od3_sltc' 
Reading libs_typ timing library '/usr/local/cadence/kits/tsmc/beLibs/65nm/TSMCHOME/digital/Front_End/timing_power_noise/NLDM/tphn65lpnv2od3_sl_200b/tphn65lpnv2od3_sltc1.lib' ...
**WARN: (IMPTS-282):	Cell 'PCLAMPAC' is not a level shifter cell but has 'input_signal_level' and 'output_signal_level' specified on pins, or it has different related_power_pin specified on input and output pins. To mark this cell as level shifter, use 'is_level_shifter' attribute.
Type 'man IMPTS-282' for more detail.
**WARN: (IMPTS-282):	Cell 'PCLAMP1ANA' is not a level shifter cell but has 'input_signal_level' and 'output_signal_level' specified on pins, or it has different related_power_pin specified on input and output pins. To mark this cell as level shifter, use 'is_level_shifter' attribute.
Type 'man IMPTS-282' for more detail.
Read 60 cells in library 'tphn65lpnv2od3_sltc1' 
Reading libs_typ timing library '/usr/local/cadence/kits/tsmc/beLibs/65nm/TSMCHOME/digital/Front_End/timing_power_noise/NLDM/tphn65lpnv2od3_sl_200b/tphn65lpnv2od3_sltc2.lib' ...
**WARN: (IMPTS-282):	Cell 'PCLAMPAC' is not a level shifter cell but has 'input_signal_level' and 'output_signal_level' specified on pins, or it has different related_power_pin specified on input and output pins. To mark this cell as level shifter, use 'is_level_shifter' attribute.
Type 'man IMPTS-282' for more detail.
**WARN: (IMPTS-282):	Cell 'PCLAMP1ANA' is not a level shifter cell but has 'input_signal_level' and 'output_signal_level' specified on pins, or it has different related_power_pin specified on input and output pins. To mark this cell as level shifter, use 'is_level_shifter' attribute.
Type 'man IMPTS-282' for more detail.
Read 60 cells in library 'tphn65lpnv2od3_sltc2' 
Reading libs_typ timing library '/usr/local/cadence/kits/tsmc/beLibs/65nm/TSMCHOME/digital/Front_End/timing_power_noise/NLDM/tphn65lpnv2od3_sl_200b/tphn65lpnv2od3_sltc3.lib' ...
**WARN: (IMPTS-282):	Cell 'PCLAMPAC' is not a level shifter cell but has 'input_signal_level' and 'output_signal_level' specified on pins, or it has different related_power_pin specified on input and output pins. To mark this cell as level shifter, use 'is_level_shifter' attribute.
Type 'man IMPTS-282' for more detail.
**WARN: (IMPTS-282):	Cell 'PCLAMP1ANA' is not a level shifter cell but has 'input_signal_level' and 'output_signal_level' specified on pins, or it has different related_power_pin specified on input and output pins. To mark this cell as level shifter, use 'is_level_shifter' attribute.
Type 'man IMPTS-282' for more detail.
Read 60 cells in library 'tphn65lpnv2od3_sltc3' 
Reading libs_typ timing library '/usr/local/cadence/kits/tsmc/beLibs/65nm/TSMCHOME/digital/Front_End/timing_power_noise/NLDM/tphn65lpnv2od3_sl_200b/tphn65lpnv2od3_sltc4.lib' ...
**WARN: (IMPTS-282):	Cell 'PCLAMPAC' is not a level shifter cell but has 'input_signal_level' and 'output_signal_level' specified on pins, or it has different related_power_pin specified on input and output pins. To mark this cell as level shifter, use 'is_level_shifter' attribute.
Type 'man IMPTS-282' for more detail.
**WARN: (IMPTS-282):	Cell 'PCLAMP1ANA' is not a level shifter cell but has 'input_signal_level' and 'output_signal_level' specified on pins, or it has different related_power_pin specified on input and output pins. To mark this cell as level shifter, use 'is_level_shifter' attribute.
Type 'man IMPTS-282' for more detail.
Read 60 cells in library 'tphn65lpnv2od3_sltc4' 
<CMD> create_rc_corner -name tsmc65_rc_corner_typ \
            -cap_table {/usr/local/cadence/kits/tsmc/beLibs/65nm/TSMCHOME/digital/Back_End/lef/tcbn65lpbwp7t_141a/techfiles/captable/cln65lp_1p09m+alrdl_top2_typical.captable} \
            -T 25 
<CMD> create_delay_corner -name corner_typ -library_set {libs_typ} -rc_corner {tsmc65_rc_corner_typ}
<CMD> create_constraint_mode -name CONSTRAINTS -sdc_files ${SDC_FILE}
<CMD> create_analysis_view -name {functional_typ} -delay_corner {corner_typ} -constraint_mode {CONSTRAINTS} 
<CMD> set_analysis_view -setup {functional_typ} -hold {functional_typ}
**ERROR: (TCLCMD-1239):	The software has been initialized without timing library information into a physical-only mode of operation. Access to timing analysis related commands and functionality is not available in this mode.  To operate the software with full functionality you must exit or issue the freeDesign command - then reinitialize the system with a design configuration that includes a valid timing library configuration.

**INFO (INTERRUPT): One more Ctrl-C to exit Innovus ...
Innovus terminated by user interrupt.

--------------------------------------------------------------------------------
Exiting Innovus on Thu Oct  2 15:41:40 2025
  Total CPU time:     0:00:15
  Total real time:    0:06:39
  Peak memory (main): 615.01MB


*** Memory Usage v#1 (Current mem = 754.297M, initial mem = 251.484M) ***
*** Message Summary: 76 warning(s), 3 error(s)

--- Ending "Innovus" (totcpu=0:00:16.0, real=0:06:38, mem=754.3M) ---
