

Working Directory = /home/rg1322/VLSI/VLSI_Lab_1
QoS Summary for lfsr4
================================================================================
Metric                          map            
================================================================================
Slack (ps):                       305
  R2R (ps):                       305
  I2R (ps):                  no_value
  R2O (ps):                  no_value
  I2O (ps):                  no_value
  CG  (ps):                  no_value
TNS (ps):                           0
  R2R (ps):                         0
  I2R (ps):                  no_value
  R2O (ps):                  no_value
  I2O (ps):                  no_value
  CG  (ps):                  no_value
Failing Paths:                      0
Cell Area:                         31
Total Cell Area:                   31
Leaf Instances:                     6
Total Instances:                    6
Utilization (%):                 0.00
Tot. Net Length (um):        no_value
Avg. Net Length (um):        no_value
Route Overflow H (%):        no_value
Route Overflow V (%):        no_value
MBCI(%) (bits/gate) :            0.00
Norm Cong Hotspot Area:
  Max Cong:                  no_value
  Tot Cong:                  no_value
================================================================================
CPU  Runtime (h:m:s):        00:00:08
Real Runtime (h:m:s):        00:00:29
CPU  Elapsed (h:m:s):        00:00:12
Real Elapsed (h:m:s):        00:00:30
Memory (MB):                   785.08
================================================================================
================================================================================
Flow Settings:
================================================================================
Total Runtime (h:m:s): 00:00:29
Total Memory (MB):     785.08
Executable Version:    18.10-p003_1
================================================================================
Total Cell Area =  Cell Area + Physical Cell Area
Total Instances =  Leaf Instances + Physical Instances


