============================================================
  Generated by:           Genus(TM) Synthesis Solution 18.10-p003_1
  Generated on:           Oct 02 2025  03:30:01 pm
  Module:                 lfsr4
  Technology libraries:   tcbn65lpbwp7twc 220
                          physical_cells 
  Operating conditions:   WCCOM 
  Interconnect mode:      global
  Area mode:              physical library
============================================================

                                   Leakage  
     Gate      Instances   Area  Power (nW)       Library      
---------------------------------------------------------------
CKXOR2D0BWP7T          1   2.800      0.486    tcbn65lpbwp7twc 
DFCNQD1BWP7T           3  20.160      2.641    tcbn65lpbwp7twc 
DFSNQD1BWP7T           1   6.720      0.971    tcbn65lpbwp7twc 
INVD0BWP7T             1   0.840      0.095    tcbn65lpbwp7twc 
---------------------------------------------------------------
total                  6  30.520      4.194                    


                                         Leakage  Leakage 
     Type      Instances  Area  Area % Power (nW) Power % 
----------------------------------------------------------
sequential             4 26.880   88.1      3.612    86.1 
inverter               1  0.840    2.8      0.095     2.3 
logic                  1  2.800    9.2      0.486    11.6 
physical_cells         0  0.000    0.0      0.000     0.0 
----------------------------------------------------------
total                  6 30.520  100.0      4.194   100.0 

