

Working Directory = /home/rg1322/VLSI/VLSI_Lab_1
QoS Summary for lfsr4
================================================================================
Metric                          map             syn_opt         final          
================================================================================
Slack (ps):                       305             305             305
  R2R (ps):                       305             305             305
  I2R (ps):                  no_value        no_value        no_value
  R2O (ps):                  no_value        no_value        no_value
  I2O (ps):                  no_value        no_value        no_value
  CG  (ps):                  no_value        no_value        no_value
TNS (ps):                           0               0               0
  R2R (ps):                         0               0               0
  I2R (ps):                  no_value        no_value        no_value
  R2O (ps):                  no_value        no_value        no_value
  I2O (ps):                  no_value        no_value        no_value
  CG  (ps):                  no_value        no_value        no_value
Failing Paths:                      0               0               0
Cell Area:                         31              31              31
Total Cell Area:                   31              31              31
Leaf Instances:                     6               6               6
Total Instances:                    6               6               6
Utilization (%):                 0.00            0.00            0.00
Tot. Net Length (um):        no_value        no_value        no_value
Avg. Net Length (um):        no_value        no_value        no_value
Route Overflow H (%):        no_value        no_value        no_value
Route Overflow V (%):        no_value        no_value        no_value
MBCI(%) (bits/gate) :            0.00            0.00            0.00
Norm Cong Hotspot Area:
  Max Cong:                  no_value        no_value        no_value
  Tot Cong:                  no_value        no_value        no_value
================================================================================
CPU  Runtime (h:m:s):        00:00:08        00:00:01        00:00:00
Real Runtime (h:m:s):        00:00:28        00:00:00        00:00:00
CPU  Elapsed (h:m:s):        00:00:11        00:00:12        00:00:12
Real Elapsed (h:m:s):        00:00:29        00:00:29        00:00:29
Memory (MB):                   785.08          786.08          787.08
================================================================================
================================================================================
Flow Settings:
================================================================================
Total Runtime (h:m:s): 00:00:28
Total Memory (MB):     787.08
Executable Version:    18.10-p003_1
================================================================================
Total Cell Area =  Cell Area + Physical Cell Area
Total Instances =  Leaf Instances + Physical Instances


