============================================================
  Generated by:           Genus(TM) Synthesis Solution 18.10-p003_1
  Generated on:           Oct 08 2025  12:32:49 pm
  Module:                 lfsr4
  Technology libraries:   tcbn65lpbwp7twc 220
                          physical_cells 
  Operating conditions:   WCCOM 
  Interconnect mode:      global
  Area mode:              physical library
============================================================

Timing
--------

Clock Period 
-------------
clk   1000.0 


  Cost    Critical         Violating 
 Group   Path Slack  TNS     Paths   
-------------------------------------
clk           304.8   0.0          0 
default    No paths   0.0            
-------------------------------------
Total                 0.0          0 

Instance Count
--------------
Leaf Instance Count             6 
Physical Instance count         0 
Sequential Instance Count       4 
Combinational Instance Count    2 
Hierarchical Instance Count     0 

Area
----
Cell Area                          30.520
Physical Cell Area                 0.000
Total Cell Area (Cell+Physical)    30.520
Net Area                           5.771
Total Area (Cell+Physical+Net)     36.291

Max Fanout                         4 (clk)
Min Fanout                         0 (n_0)
Average Fanout                     1.8
Terms to net ratio                 2.6250
Terms to instance ratio            3.5000
Runtime                            11.996957 seconds
Elapsed Runtime                    36 seconds
Genus peak memory usage            846.82 
Innovus peak memory usage          no_value 
Hostname                           ee-mill1.ee.ic.ac.uk
