============================================================
  Generated by:           Genus(TM) Synthesis Solution 18.10-p003_1
  Generated on:           Oct 02 2025  03:30:03 pm
  Module:                 lfsr4
  Operating conditions:   WCCOM 
  Interconnect mode:      global
  Area mode:              physical library
============================================================


Path 1: MET (305 ps) Setup Check with Pin sreg_reg[1]/CP->D
          Group: clk
     Startpoint: (R) sreg_reg[3]/CP
          Clock: (R) clk
       Endpoint: (F) sreg_reg[1]/D
          Clock: (R) clk

                     Capture       Launch     
        Clock Edge:+    1000            0     
       Src Latency:+       0            0     
       Net Latency:+       0 (I)        0 (I) 
           Arrival:=    1000            0     
                                              
             Setup:-      72                  
       Uncertainty:-      20                  
     Required Time:=     908                  
      Launch Clock:-       0                  
         Data Path:-     603                  
             Slack:=     305                  

#-------------------------------------------------------------------------------------------
# Timing Point   Flags   Arc   Edge     Cell       Fanout Load Trans Delay Arrival Instance 
#                                                         (fF)  (ps)  (ps)   (ps)  Location 
#-------------------------------------------------------------------------------------------
  sreg_reg[3]/CP -       -     R     (arrival)          4    -    50     -       0    (-,-) 
  sreg_reg[3]/Q  -       CP->Q R     DFCNQD1BWP7T       3  4.8   114   360     360    (-,-) 
  g16__8780/Z    -       A1->Z F     CKXOR2D0BWP7T      1  2.3    82   243     603    (-,-) 
  sreg_reg[1]/D  <<<     -     F     DFSNQD1BWP7T       1    -     -     0     603    (-,-) 
#-------------------------------------------------------------------------------------------

